<?xml version="1.0" encoding="UTF-8"?>
<testng-results skipped="0" failed="1" total="1" passed="0">
  <reporter-output>
    <line>
      <![CDATA[<a href='TEST-testDuiHuan6986068291504004444.png'>screenshot</a>]]>
    </line>
  </reporter-output>
  <suite name="Default suite" duration-ms="20650" started-at="2014-05-09T03:45:45Z" finished-at="2014-05-09T03:46:06Z">
    <groups>
    </groups>
    <test name="Default test" duration-ms="20650" started-at="2014-05-09T03:45:45Z" finished-at="2014-05-09T03:46:06Z">
      <class name="com.jifen.DuiHuan">
        <test-method status="PASS" signature="attachScreenshotListener(java.lang.String, java.lang.String, org.testng.ITestContext)[pri:0, instance:com.jifen.DuiHuan@222f8903]" name="attachScreenshotListener" is-config="true" duration-ms="20" started-at="2014-05-09T11:45:45Z" finished-at="2014-05-09T11:45:45Z">
          <params>
            <param index="0">
              <value>
                <![CDATA[localhost]]>
              </value>
            </param>
            <param index="1">
              <value>
                <![CDATA[4444]]>
              </value>
            </param>
            <param index="2">
              <value>
                <![CDATA[org.testng.TestRunner@409046f8]]>
              </value>
            </param>
          </params>
          <reporter-output>
          </reporter-output>
        </test-method> <!-- attachScreenshotListener -->
        <test-method status="PASS" signature="setUp(java.lang.String, java.lang.String)[pri:0, instance:com.jifen.DuiHuan@222f8903]" name="setUp" is-config="true" duration-ms="2650" started-at="2014-05-09T11:45:45Z" finished-at="2014-05-09T11:45:48Z">
          <params>
            <param index="0">
              <value is-null="true"/>
            </param>
            <param index="1">
              <value is-null="true"/>
            </param>
          </params>
          <reporter-output>
          </reporter-output>
        </test-method> <!-- setUp -->
        <test-method status="PASS" signature="getSelenium(boolean)[pri:0, instance:com.jifen.DuiHuan@222f8903]" name="getSelenium" is-config="true" duration-ms="1" started-at="2014-05-09T11:45:48Z" finished-at="2014-05-09T11:45:48Z">
          <params>
            <param index="0">
              <value>
                <![CDATA[false]]>
              </value>
            </param>
          </params>
          <reporter-output>
          </reporter-output>
        </test-method> <!-- getSelenium -->
        <test-method status="PASS" signature="setTestContext(java.lang.reflect.Method)[pri:0, instance:com.jifen.DuiHuan@222f8903]" name="setTestContext" is-config="true" duration-ms="77" started-at="2014-05-09T11:45:48Z" finished-at="2014-05-09T11:45:48Z">
          <params>
            <param index="0">
              <value>
                <![CDATA[public void com.jifen.DuiHuan.testDuiHuan() throws java.lang.Exception]]>
              </value>
            </param>
          </params>
          <reporter-output>
          </reporter-output>
        </test-method> <!-- setTestContext -->
        <test-method status="FAIL" signature="testDuiHuan()[pri:0, instance:com.jifen.DuiHuan@222f8903]" name="testDuiHuan" duration-ms="17407" started-at="2014-05-09T11:45:48Z" finished-at="2014-05-09T11:46:06Z">
          <exception class="com.thoughtworks.selenium.SeleniumException">
            <message>
              <![CDATA[ERROR: Element id=LoginName not found]]>
            </message>
            <full-stacktrace>
              <![CDATA[com.thoughtworks.selenium.SeleniumException: ERROR: Element id=LoginName not found
	at com.thoughtworks.selenium.HttpCommandProcessor.throwAssertionFailureExceptionOrError(HttpCommandProcessor.java:109)
	at com.thoughtworks.selenium.HttpCommandProcessor.doCommand(HttpCommandProcessor.java:103)
	at com.thoughtworks.selenium.DefaultSelenium.type(DefaultSelenium.java:317)
	at com.jifen.DuiHuan.testDuiHuan(DuiHuan.java:20)
	at sun.reflect.NativeMethodAccessorImpl.invoke0(Native Method)
	at sun.reflect.NativeMethodAccessorImpl.invoke(Unknown Source)
	at sun.reflect.DelegatingMethodAccessorImpl.invoke(Unknown Source)
	at java.lang.reflect.Method.invoke(Unknown Source)
	at org.testng.internal.MethodInvocationHelper.invokeMethod(MethodInvocationHelper.java:84)
	at org.testng.internal.Invoker.invokeMethod(Invoker.java:714)
	at org.testng.internal.Invoker.invokeTestMethod(Invoker.java:901)
	at org.testng.internal.Invoker.invokeTestMethods(Invoker.java:1231)
	at org.testng.internal.TestMethodWorker.invokeTestMethods(TestMethodWorker.java:127)
	at org.testng.internal.TestMethodWorker.run(TestMethodWorker.java:111)
	at org.testng.TestRunner.privateRun(TestRunner.java:767)
	at org.testng.TestRunner.run(TestRunner.java:617)
	at org.testng.SuiteRunner.runTest(SuiteRunner.java:334)
	at org.testng.SuiteRunner.runSequentially(SuiteRunner.java:329)
	at org.testng.SuiteRunner.privateRun(SuiteRunner.java:291)
	at org.testng.SuiteRunner.run(SuiteRunner.java:240)
	at org.testng.SuiteRunnerWorker.runSuite(SuiteRunnerWorker.java:52)
	at org.testng.SuiteRunnerWorker.run(SuiteRunnerWorker.java:86)
	at org.testng.TestNG.runSuitesSequentially(TestNG.java:1224)
	at org.testng.TestNG.runSuitesLocally(TestNG.java:1149)
	at org.testng.TestNG.run(TestNG.java:1057)
	at org.testng.remote.RemoteTestNG.run(RemoteTestNG.java:111)
	at org.testng.remote.RemoteTestNG.initAndRun(RemoteTestNG.java:204)
	at org.testng.remote.RemoteTestNG.main(RemoteTestNG.java:175)
]]>
            </full-stacktrace>
          </exception> <!-- com.thoughtworks.selenium.SeleniumException -->
          <reporter-output>
            <line>
              <![CDATA[<a href='TEST-testDuiHuan6986068291504004444.png'>screenshot</a>]]>
            </line>
          </reporter-output>
        </test-method> <!-- testDuiHuan -->
        <test-method status="PASS" signature="checkForVerificationErrors()[pri:0, instance:com.jifen.DuiHuan@222f8903]" name="checkForVerificationErrors" is-config="true" duration-ms="1" started-at="2014-05-09T11:46:06Z" finished-at="2014-05-09T11:46:06Z">
          <reporter-output>
          </reporter-output>
        </test-method> <!-- checkForVerificationErrors -->
        <test-method status="PASS" signature="selectDefaultWindow()[pri:0, instance:com.jifen.DuiHuan@222f8903]" name="selectDefaultWindow" is-config="true" duration-ms="22" started-at="2014-05-09T11:46:06Z" finished-at="2014-05-09T11:46:06Z">
          <reporter-output>
          </reporter-output>
        </test-method> <!-- selectDefaultWindow -->
        <test-method status="PASS" signature="tearDown()[pri:0, instance:com.jifen.DuiHuan@222f8903]" name="tearDown" is-config="true" duration-ms="132" started-at="2014-05-09T11:46:06Z" finished-at="2014-05-09T11:46:06Z">
          <reporter-output>
          </reporter-output>
        </test-method> <!-- tearDown -->
      </class> <!-- com.jifen.DuiHuan -->
    </test> <!-- Default test -->
  </suite> <!-- Default suite -->
</testng-results>
